# JRE version: OpenJDK Runtime Environment Temurin-21.0.9+10 (21.0.9+10) (build 21.0.9+10-LTS)
# Java VM: OpenJDK 64-Bit Server VM Temurin-21.0.9+10 (21.0.9+10-LTS, mixed mode, sharing, tiered, compressed oops, compressed class ptrs, parallel gc, windows-amd64)
GC Precious Log:
 CardTable entry size: 512
 CPUs: 8 total, 8 available
 Memory: 10187M
 Large Page Support: Disabled
 NUMA Support: Disabled
 Compressed Oops: Enabled (32-bit)
 Alignments: Space 512K, Generation 512K, Heap 2M
 Heap Min Capacity: 100M
 Heap Initial Capacity: 100M
 Heap Max Capacity: 2G
 Pre-touch: Disabled
 Parallel Workers: 8
Heap:
 PSYoungGen      total 6144K, used 1304K [0x00000000d5580000, 0x00000000d5e80000, 0x0000000100000000)
  eden space 5120K, 5% used [0x00000000d5580000,0x00000000d55c63e8,0x00000000d5a80000)
  from space 1024K, 100% used [0x00000000d5a80000,0x00000000d5b80000,0x00000000d5b80000)
  to   space 2048K, 0% used [0x00000000d5c80000,0x00000000d5c80000,0x00000000d5e80000)
 ParOldGen       total 785408K, used 354811K [0x0000000080000000, 0x00000000aff00000, 0x00000000d5580000)
  object space 785408K, 45% used [0x0000000080000000,0x0000000095a7ece8,0x00000000aff00000)
 Metaspace       used 95252K, committed 97152K, reserved 1179648K
  class space    used 9551K, committed 10432K, reserved 1048576K
GC Heap History (20 events):
Event: 1675.788 GC heap before
{Heap before GC invocations=2383 (full 6):
 PSYoungGen      total 10240K, used 10000K [0x00000000d5580000, 0x00000000d6100000, 0x0000000100000000)
  eden space 8704K, 100% used [0x00000000d5580000,0x00000000d5e00000,0x00000000d5e00000)
  from space 1536K, 84% used [0x00000000d5f80000,0x00000000d60c4010,0x00000000d6100000)
  to   space 1536K, 0% used [0x00000000d5e00000,0x00000000d5e00000,0x00000000d5f80000)
 ParOldGen       total 785408K, used 346781K [0x0000000080000000, 0x00000000aff00000, 0x00000000d5580000)
  object space 785408K, 44% used [0x0000000080000000,0x00000000952a7500,0x00000000aff00000)
 Metaspace       used 95249K, committed 97088K, reserved 1179648K
  class space    used 9551K, committed 10432K, reserved 1048576K
}
Event: 1675.791 GC heap after
{Heap after GC invocations=2383 (full 6):
 PSYoungGen      total 9728K, used 832K [0x00000000d5580000, 0x00000000d6000000, 0x0000000100000000)
  eden space 8704K, 0% used [0x00000000d5580000,0x00000000d5580000,0x00000000d5e00000)
  from space 1024K, 81% used [0x00000000d5e00000,0x00000000d5ed0020,0x00000000d5f00000)
  to   space 1024K, 0% used [0x00000000d5f00000,0x00000000d5f00000,0x00000000d6000000)
 ParOldGen       total 785408K, used 347453K [0x0000000080000000, 0x00000000aff00000, 0x00000000d5580000)
  object space 785408K, 44% used [0x0000000080000000,0x000000009534f500,0x00000000aff00000)
 Metaspace       used 95249K, committed 97088K, reserved 1179648K
  class space    used 9551K, committed 10432K, reserved 1048576K
}
Event: 1675.822 GC heap before
{Heap before GC invocations=2384 (full 6):
 PSYoungGen      total 9728K, used 9536K [0x00000000d5580000, 0x00000000d6000000, 0x0000000100000000)
  eden space 8704K, 100% used [0x00000000d5580000,0x00000000d5e00000,0x00000000d5e00000)
  from space 1024K, 81% used [0x00000000d5e00000,0x00000000d5ed0020,0x00000000d5f00000)
  to   space 1024K, 0% used [0x00000000d5f00000,0x00000000d5f00000,0x00000000d6000000)
 ParOldGen       total 785408K, used 347453K [0x0000000080000000, 0x00000000aff00000, 0x00000000d5580000)
  object space 785408K, 44% used [0x0000000080000000,0x000000009534f500,0x00000000aff00000)
 Metaspace       used 95249K, committed 97088K, reserved 1179648K
  class space    used 9551K, committed 10432K, reserved 1048576K
}
Event: 1675.825 GC heap after
{Heap after GC invocations=2384 (full 6):
 PSYoungGen      total 8704K, used 992K [0x00000000d5580000, 0x00000000d6200000, 0x0000000100000000)
  eden space 7680K, 0% used [0x00000000d5580000,0x00000000d5580000,0x00000000d5d00000)
  from space 1024K, 96% used [0x00000000d5f00000,0x00000000d5ff8040,0x00000000d6000000)
  to   space 2048K, 0% used [0x00000000d5d00000,0x00000000d5d00000,0x00000000d5f00000)
 ParOldGen       total 785408K, used 347941K [0x0000000080000000, 0x00000000aff00000, 0x00000000d5580000)
  object space 785408K, 44% used [0x0000000080000000,0x00000000953c9500,0x00000000aff00000)
 Metaspace       used 95249K, committed 97088K, reserved 1179648K
  class space    used 9551K, committed 10432K, reserved 1048576K
}
Event: 1675.917 GC heap before
{Heap before GC invocations=2385 (full 6):
 PSYoungGen      total 8704K, used 8672K [0x00000000d5580000, 0x00000000d6200000, 0x0000000100000000)
  eden space 7680K, 100% used [0x00000000d5580000,0x00000000d5d00000,0x00000000d5d00000)
  from space 1024K, 96% used [0x00000000d5f00000,0x00000000d5ff8040,0x00000000d6000000)
  to   space 2048K, 0% used [0x00000000d5d00000,0x00000000d5d00000,0x00000000d5f00000)
 ParOldGen       total 785408K, used 347941K [0x0000000080000000, 0x00000000aff00000, 0x00000000d5580000)
  object space 785408K, 44% used [0x0000000080000000,0x00000000953c9500,0x00000000aff00000)
 Metaspace       used 95249K, committed 97088K, reserved 1179648K
  class space    used 9551K, committed 10432K, reserved 1048576K
}
Event: 1675.923 GC heap after
{Heap after GC invocations=2385 (full 6):
 PSYoungGen      total 8704K, used 992K [0x00000000d5580000, 0x00000000d6000000, 0x0000000100000000)
  eden space 7680K, 0% used [0x00000000d5580000,0x00000000d5580000,0x00000000d5d00000)
  from space 1024K, 96% used [0x00000000d5d00000,0x00000000d5df8000,0x00000000d5e00000)
  to   space 1536K, 0% used [0x00000000d5e80000,0x00000000d5e80000,0x00000000d6000000)
 ParOldGen       total 785408K, used 348517K [0x0000000080000000, 0x00000000aff00000, 0x00000000d5580000)
  object space 785408K, 44% used [0x0000000080000000,0x0000000095459540,0x00000000aff00000)
 Metaspace       used 95249K, committed 97088K, reserved 1179648K
  class space    used 9551K, committed 10432K, reserved 1048576K
}
Event: 1675.943 GC heap before
{Heap before GC invocations=2386 (full 6):
 PSYoungGen      total 8704K, used 8671K [0x00000000d5580000, 0x00000000d6000000, 0x0000000100000000)
  eden space 7680K, 99% used [0x00000000d5580000,0x00000000d5cfffc8,0x00000000d5d00000)
  from space 1024K, 96% used [0x00000000d5d00000,0x00000000d5df8000,0x00000000d5e00000)
  to   space 1536K, 0% used [0x00000000d5e80000,0x00000000d5e80000,0x00000000d6000000)
 ParOldGen       total 785408K, used 348517K [0x0000000080000000, 0x00000000aff00000, 0x00000000d5580000)
  object space 785408K, 44% used [0x0000000080000000,0x0000000095459540,0x00000000aff00000)
 Metaspace       used 95249K, committed 97088K, reserved 1179648K
  class space    used 9551K, committed 10432K, reserved 1048576K
}
Event: 1675.949 GC heap after
{Heap after GC invocations=2386 (full 6):
 PSYoungGen      total 8704K, used 864K [0x00000000d5580000, 0x00000000d5f80000, 0x0000000100000000)
  eden space 7680K, 0% used [0x00000000d5580000,0x00000000d5580000,0x00000000d5d00000)
  from space 1024K, 84% used [0x00000000d5e80000,0x00000000d5f58020,0x00000000d5f80000)
  to   space 1024K, 0% used [0x00000000d5d00000,0x00000000d5d00000,0x00000000d5e00000)
 ParOldGen       total 785408K, used 349149K [0x0000000080000000, 0x00000000aff00000, 0x00000000d5580000)
  object space 785408K, 44% used [0x0000000080000000,0x00000000954f7550,0x00000000aff00000)
 Metaspace       used 95249K, committed 97088K, reserved 1179648K
  class space    used 9551K, committed 10432K, reserved 1048576K
}
Event: 1676.047 GC heap before
{Heap before GC invocations=2387 (full 6):
 PSYoungGen      total 8704K, used 8544K [0x00000000d5580000, 0x00000000d5f80000, 0x0000000100000000)
  eden space 7680K, 100% used [0x00000000d5580000,0x00000000d5d00000,0x00000000d5d00000)
  from space 1024K, 84% used [0x00000000d5e80000,0x00000000d5f58020,0x00000000d5f80000)
  to   space 1024K, 0% used [0x00000000d5d00000,0x00000000d5d00000,0x00000000d5e00000)
 ParOldGen       total 785408K, used 349149K [0x0000000080000000, 0x00000000aff00000, 0x00000000d5580000)
  object space 785408K, 44% used [0x0000000080000000,0x00000000954f7550,0x00000000aff00000)
 Metaspace       used 95252K, committed 97152K, reserved 1179648K
  class space    used 9551K, committed 10432K, reserved 1048576K
}
Event: 1676.050 GC heap after
{Heap after GC invocations=2387 (full 6):
 PSYoungGen      total 8704K, used 880K [0x00000000d5580000, 0x00000000d5f00000, 0x0000000100000000)
  eden space 7680K, 0% used [0x00000000d5580000,0x00000000d5580000,0x00000000d5d00000)
  from space 1024K, 85% used [0x00000000d5d00000,0x00000000d5ddc010,0x00000000d5e00000)
  to   space 1024K, 0% used [0x00000000d5e00000,0x00000000d5e00000,0x00000000d5f00000)
 ParOldGen       total 785408K, used 349469K [0x0000000080000000, 0x00000000aff00000, 0x00000000d5580000)
  object space 785408K, 44% used [0x0000000080000000,0x0000000095547560,0x00000000aff00000)
 Metaspace       used 95252K, committed 97152K, reserved 1179648K
  class space    used 9551K, committed 10432K, reserved 1048576K
}
Event: 1676.153 GC heap before
{Heap before GC invocations=2388 (full 6):
 PSYoungGen      total 8704K, used 8557K [0x00000000d5580000, 0x00000000d5f00000, 0x0000000100000000)
  eden space 7680K, 99% used [0x00000000d5580000,0x00000000d5cff480,0x00000000d5d00000)
  from space 1024K, 85% used [0x00000000d5d00000,0x00000000d5ddc010,0x00000000d5e00000)
  to   space 1024K, 0% used [0x00000000d5e00000,0x00000000d5e00000,0x00000000d5f00000)
 ParOldGen       total 785408K, used 349469K [0x0000000080000000, 0x00000000aff00000, 0x00000000d5580000)
  object space 785408K, 44% used [0x0000000080000000,0x0000000095547560,0x00000000aff00000)
 Metaspace       used 95252K, committed 97152K, reserved 1179648K
  class space    used 9551K, committed 10432K, reserved 1048576K
}
Event: 1676.158 GC heap after
{Heap after GC invocations=2388 (full 6):
 PSYoungGen      total 6144K, used 992K [0x00000000d5580000, 0x00000000d6400000, 0x0000000100000000)
  eden space 5120K, 0% used [0x00000000d5580000,0x00000000d5580000,0x00000000d5a80000)
  from space 1024K, 96% used [0x00000000d5e00000,0x00000000d5ef8010,0x00000000d5f00000)
  to   space 3584K, 0% used [0x00000000d5a80000,0x00000000d5a80000,0x00000000d5e00000)
 ParOldGen       total 785408K, used 351372K [0x0000000080000000, 0x00000000aff00000, 0x00000000d5580000)
  object space 785408K, 44% used [0x0000000080000000,0x00000000957233f0,0x00000000aff00000)
 Metaspace       used 95252K, committed 97152K, reserved 1179648K
  class space    used 9551K, committed 10432K, reserved 1048576K
}
Event: 1676.201 GC heap before
{Heap before GC invocations=2389 (full 6):
 PSYoungGen      total 6144K, used 6112K [0x00000000d5580000, 0x00000000d6400000, 0x0000000100000000)
  eden space 5120K, 100% used [0x00000000d5580000,0x00000000d5a80000,0x00000000d5a80000)
  from space 1024K, 96% used [0x00000000d5e00000,0x00000000d5ef8010,0x00000000d5f00000)
  to   space 3584K, 0% used [0x00000000d5a80000,0x00000000d5a80000,0x00000000d5e00000)
 ParOldGen       total 785408K, used 351372K [0x0000000080000000, 0x00000000aff00000, 0x00000000d5580000)
  object space 785408K, 44% used [0x0000000080000000,0x00000000957233f0,0x00000000aff00000)
 Metaspace       used 95252K, committed 97152K, reserved 1179648K
  class space    used 9551K, committed 10432K, reserved 1048576K
}
Event: 1676.205 GC heap after
{Heap after GC invocations=2389 (full 6):
 PSYoungGen      total 6144K, used 864K [0x00000000d5580000, 0x00000000d5e80000, 0x0000000100000000)
  eden space 5120K, 0% used [0x00000000d5580000,0x00000000d5580000,0x00000000d5a80000)
  from space 1024K, 84% used [0x00000000d5a80000,0x00000000d5b58000,0x00000000d5b80000)
  to   space 2048K, 0% used [0x00000000d5c80000,0x00000000d5c80000,0x00000000d5e80000)
 ParOldGen       total 785408K, used 352391K [0x0000000080000000, 0x00000000aff00000, 0x00000000d5580000)
  object space 785408K, 44% used [0x0000000080000000,0x0000000095821cb8,0x00000000aff00000)
 Metaspace       used 95252K, committed 97152K, reserved 1179648K
  class space    used 9551K, committed 10432K, reserved 1048576K
}
Event: 1676.225 GC heap before
{Heap before GC invocations=2390 (full 6):
 PSYoungGen      total 6144K, used 5984K [0x00000000d5580000, 0x00000000d5e80000, 0x0000000100000000)
  eden space 5120K, 100% used [0x00000000d5580000,0x00000000d5a80000,0x00000000d5a80000)
  from space 1024K, 84% used [0x00000000d5a80000,0x00000000d5b58000,0x00000000d5b80000)
  to   space 2048K, 0% used [0x00000000d5c80000,0x00000000d5c80000,0x00000000d5e80000)
 ParOldGen       total 785408K, used 352391K [0x0000000080000000, 0x00000000aff00000, 0x00000000d5580000)
  object space 785408K, 44% used [0x0000000080000000,0x0000000095821cb8,0x00000000aff00000)
 Metaspace       used 95252K, committed 97152K, reserved 1179648K
  class space    used 9551K, committed 10432K, reserved 1048576K
}
Event: 1676.228 GC heap after
{Heap after GC invocations=2390 (full 6):
 PSYoungGen      total 6144K, used 576K [0x00000000d5580000, 0x00000000d5d80000, 0x0000000100000000)
  eden space 5120K, 0% used [0x00000000d5580000,0x00000000d5580000,0x00000000d5a80000)
  from space 1024K, 56% used [0x00000000d5c80000,0x00000000d5d10020,0x00000000d5d80000)
  to   space 1024K, 0% used [0x00000000d5a80000,0x00000000d5a80000,0x00000000d5b80000)
 ParOldGen       total 785408K, used 353117K [0x0000000080000000, 0x00000000aff00000, 0x00000000d5580000)
  object space 785408K, 44% used [0x0000000080000000,0x00000000958d7748,0x00000000aff00000)
 Metaspace       used 95252K, committed 97152K, reserved 1179648K
  class space    used 9551K, committed 10432K, reserved 1048576K
}
Event: 1676.278 GC heap before
{Heap before GC invocations=2391 (full 6):
 PSYoungGen      total 6144K, used 5696K [0x00000000d5580000, 0x00000000d5d80000, 0x0000000100000000)
  eden space 5120K, 100% used [0x00000000d5580000,0x00000000d5a80000,0x00000000d5a80000)
  from space 1024K, 56% used [0x00000000d5c80000,0x00000000d5d10020,0x00000000d5d80000)
  to   space 1024K, 0% used [0x00000000d5a80000,0x00000000d5a80000,0x00000000d5b80000)
 ParOldGen       total 785408K, used 353117K [0x0000000080000000, 0x00000000aff00000, 0x00000000d5580000)
  object space 785408K, 44% used [0x0000000080000000,0x00000000958d7748,0x00000000aff00000)
 Metaspace       used 95252K, committed 97152K, reserved 1179648K
  class space    used 9551K, committed 10432K, reserved 1048576K
}
Event: 1676.299 GC heap after
{Heap after GC invocations=2391 (full 6):
 PSYoungGen      total 6144K, used 725K [0x00000000d5580000, 0x00000000d5d00000, 0x0000000100000000)
  eden space 5120K, 0% used [0x00000000d5580000,0x00000000d5580000,0x00000000d5a80000)
  from space 1024K, 70% used [0x00000000d5a80000,0x00000000d5b35730,0x00000000d5b80000)
  to   space 1024K, 0% used [0x00000000d5c00000,0x00000000d5c00000,0x00000000d5d00000)
 ParOldGen       total 785408K, used 353605K [0x0000000080000000, 0x00000000aff00000, 0x00000000d5580000)
  object space 785408K, 45% used [0x0000000080000000,0x0000000095951788,0x00000000aff00000)
 Metaspace       used 95252K, committed 97152K, reserved 1179648K
  class space    used 9551K, committed 10432K, reserved 1048576K
}
Event: 1676.356 GC heap before
{Heap before GC invocations=2392 (full 6):
 PSYoungGen      total 6144K, used 5845K [0x00000000d5580000, 0x00000000d5d00000, 0x0000000100000000)
  eden space 5120K, 100% used [0x00000000d5580000,0x00000000d5a80000,0x00000000d5a80000)
  from space 1024K, 70% used [0x00000000d5a80000,0x00000000d5b35730,0x00000000d5b80000)
  to   space 1024K, 0% used [0x00000000d5c00000,0x00000000d5c00000,0x00000000d5d00000)
 ParOldGen       total 785408K, used 353605K [0x0000000080000000, 0x00000000aff00000, 0x00000000d5580000)
  object space 785408K, 45% used [0x0000000080000000,0x0000000095951788,0x00000000aff00000)
 Metaspace       used 95252K, committed 97152K, reserved 1179648K
  class space    used 9551K, committed 10432K, reserved 1048576K
}
Event: 1676.361 GC heap after
{Heap after GC invocations=2392 (full 6):
 PSYoungGen      total 6144K, used 763K [0x00000000d5580000, 0x00000000d5d00000, 0x0000000100000000)
  eden space 5120K, 0% used [0x00000000d5580000,0x00000000d5580000,0x00000000d5a80000)
  from space 1024K, 74% used [0x00000000d5c00000,0x00000000d5cbeed8,0x00000000d5d00000)
  to   space 1024K, 0% used [0x00000000d5a80000,0x00000000d5a80000,0x00000000d5b80000)
 ParOldGen       total 785408K, used 354173K [0x0000000080000000, 0x00000000aff00000, 0x00000000d5580000)
  object space 785408K, 45% used [0x0000000080000000,0x00000000959df788,0x00000000aff00000)
 Metaspace       used 95252K, committed 97152K, reserved 1179648K
  class space    used 9551K, committed 10432K, reserved 1048576K
}

